# JRE version: Java(TM) SE Runtime Environment (8.0_77-b03) (build 1.8.0_77-b03)
# Java VM: Java HotSpot(TM) 64-Bit Server VM (25.77-b03 mixed mode windows-amd64 compressed oops)
Heap:
 PSYoungGen      total 217088K, used 146360K [0x00000000eab00000, 0x00000000f9d00000, 0x0000000100000000)
  eden space 193536K, 75% used [0x00000000eab00000,0x00000000f39ee308,0x00000000f6800000)
  from space 23552K, 0% used [0x00000000f6800000,0x00000000f6800000,0x00000000f7f00000)
  to   space 23552K, 0% used [0x00000000f8600000,0x00000000f8600000,0x00000000f9d00000)
 ParOldGen       total 55296K, used 43147K [0x00000000c0000000, 0x00000000c3600000, 0x00000000eab00000)
  object space 55296K, 78% used [0x00000000c0000000,0x00000000c2a22c10,0x00000000c3600000)
 Metaspace       used 51043K, capacity 52666K, committed 52992K, reserved 1095680K
  class space    used 6927K, capacity 7299K, committed 7424K, reserved 1048576K
GC Heap History (10 events):
Event: 8.798 GC heap before
{Heap before GC invocations=14 (full 2):
 PSYoungGen      total 162304K, used 7979K [0x00000000eab00000, 0x00000000f6000000, 0x0000000100000000)
  eden space 150016K, 0% used [0x00000000eab00000,0x00000000eab00000,0x00000000f3d80000)
  from space 12288K, 64% used [0x00000000f4980000,0x00000000f514afb8,0x00000000f5580000)
  to   space 12288K, 0% used [0x00000000f3d80000,0x00000000f3d80000,0x00000000f4980000)
 ParOldGen       total 40960K, used 17800K [0x00000000c0000000, 0x00000000c2800000, 0x00000000eab00000)
  object space 40960K, 43% used [0x00000000c0000000,0x00000000c1162250,0x00000000c2800000)
 Metaspace       used 34554K, capacity 35296K, committed 35496K, reserved 1079296K
  class space    used 4575K, capacity 4751K, committed 4864K, reserved 1048576K
Event: 8.882 GC heap after
Heap after GC invocations=14 (full 2):
 PSYoungGen      total 162304K, used 0K [0x00000000eab00000, 0x00000000f6000000, 0x0000000100000000)
  eden space 150016K, 0% used [0x00000000eab00000,0x00000000eab00000,0x00000000f3d80000)
  from space 12288K, 0% used [0x00000000f4980000,0x00000000f4980000,0x00000000f5580000)
  to   space 12288K, 0% used [0x00000000f3d80000,0x00000000f3d80000,0x00000000f4980000)
 ParOldGen       total 55296K, used 15377K [0x00000000c0000000, 0x00000000c3600000, 0x00000000eab00000)
  object space 55296K, 27% used [0x00000000c0000000,0x00000000c0f04528,0x00000000c3600000)
 Metaspace       used 34468K, capacity 35140K, committed 35496K, reserved 1079296K
  class space    used 4548K, capacity 4723K, committed 4864K, reserved 1048576K
}
Event: 11.043 GC heap before
{Heap before GC invocations=15 (full 2):
 PSYoungGen      total 162304K, used 150016K [0x00000000eab00000, 0x00000000f6000000, 0x0000000100000000)
  eden space 150016K, 100% used [0x00000000eab00000,0x00000000f3d80000,0x00000000f3d80000)
  from space 12288K, 0% used [0x00000000f4980000,0x00000000f4980000,0x00000000f5580000)
  to   space 12288K, 0% used [0x00000000f3d80000,0x00000000f3d80000,0x00000000f4980000)
 ParOldGen       total 55296K, used 15377K [0x00000000c0000000, 0x00000000c3600000, 0x00000000eab00000)
  object space 55296K, 27% used [0x00000000c0000000,0x00000000c0f04528,0x00000000c3600000)
 Metaspace       used 43638K, capacity 44524K, committed 44800K, reserved 1087488K
  class space    used 5840K, capacity 6039K, committed 6144K, reserved 1048576K
Event: 11.066 GC heap after
Heap after GC invocations=15 (full 2):
 PSYoungGen      total 162304K, used 12274K [0x00000000eab00000, 0x00000000f8f00000, 0x0000000100000000)
  eden space 150016K, 0% used [0x00000000eab00000,0x00000000eab00000,0x00000000f3d80000)
  from space 12288K, 99% used [0x00000000f3d80000,0x00000000f497cb48,0x00000000f4980000)
  to   space 16384K, 0% used [0x00000000f7f00000,0x00000000f7f00000,0x00000000f8f00000)
 ParOldGen       total 55296K, used 20483K [0x00000000c0000000, 0x00000000c3600000, 0x00000000eab00000)
  object space 55296K, 37% used [0x00000000c0000000,0x00000000c1400dd8,0x00000000c3600000)
 Metaspace       used 43638K, capacity 44524K, committed 44800K, reserved 1087488K
  class space    used 5840K, capacity 6039K, committed 6144K, reserved 1048576K
}
Event: 13.556 GC heap before
{Heap before GC invocations=16 (full 2):
 PSYoungGen      total 162304K, used 162290K [0x00000000eab00000, 0x00000000f8f00000, 0x0000000100000000)
  eden space 150016K, 100% used [0x00000000eab00000,0x00000000f3d80000,0x00000000f3d80000)
  from space 12288K, 99% used [0x00000000f3d80000,0x00000000f497cb48,0x00000000f4980000)
  to   space 16384K, 0% used [0x00000000f7f00000,0x00000000f7f00000,0x00000000f8f00000)
 ParOldGen       total 55296K, used 20483K [0x00000000c0000000, 0x00000000c3600000, 0x00000000eab00000)
  object space 55296K, 37% used [0x00000000c0000000,0x00000000c1400dd8,0x00000000c3600000)
 Metaspace       used 49230K, capacity 50572K, committed 50688K, reserved 1093632K
  class space    used 6711K, capacity 7061K, committed 7168K, reserved 1048576K
Event: 13.618 GC heap after
Heap after GC invocations=16 (full 2):
 PSYoungGen      total 209920K, used 16362K [0x00000000eab00000, 0x00000000f9d00000, 0x0000000100000000)
  eden space 193536K, 0% used [0x00000000eab00000,0x00000000eab00000,0x00000000f6800000)
  from space 16384K, 99% used [0x00000000f7f00000,0x00000000f8efa930,0x00000000f8f00000)
  to   space 23552K, 0% used [0x00000000f6800000,0x00000000f6800000,0x00000000f7f00000)
 ParOldGen       total 55296K, used 33050K [0x00000000c0000000, 0x00000000c3600000, 0x00000000eab00000)
  object space 55296K, 59% used [0x00000000c0000000,0x00000000c20468c0,0x00000000c3600000)
 Metaspace       used 49230K, capacity 50572K, committed 50688K, reserved 1093632K
  class space    used 6711K, capacity 7061K, committed 7168K, reserved 1048576K
}
Event: 13.698 GC heap before
{Heap before GC invocations=17 (full 2):
 PSYoungGen      total 209920K, used 21128K [0x00000000eab00000, 0x00000000f9d00000, 0x0000000100000000)
  eden space 193536K, 2% used [0x00000000eab00000,0x00000000eafa7828,0x00000000f6800000)
  from space 16384K, 99% used [0x00000000f7f00000,0x00000000f8efa930,0x00000000f8f00000)
  to   space 23552K, 0% used [0x00000000f6800000,0x00000000f6800000,0x00000000f7f00000)
 ParOldGen       total 55296K, used 33050K [0x00000000c0000000, 0x00000000c3600000, 0x00000000eab00000)
  object space 55296K, 59% used [0x00000000c0000000,0x00000000c20468c0,0x00000000c3600000)
 Metaspace       used 49513K, capacity 50894K, committed 51200K, reserved 1093632K
  class space    used 6750K, capacity 7104K, committed 7168K, reserved 1048576K
Event: 13.736 GC heap after
Heap after GC invocations=17 (full 2):
 PSYoungGen      total 217088K, used 600K [0x00000000eab00000, 0x00000000f9d00000, 0x0000000100000000)
  eden space 193536K, 0% used [0x00000000eab00000,0x00000000eab00000,0x00000000f6800000)
  from space 23552K, 2% used [0x00000000f6800000,0x00000000f6896008,0x00000000f7f00000)
  to   space 23552K, 0% used [0x00000000f8600000,0x00000000f8600000,0x00000000f9d00000)
 ParOldGen       total 55296K, used 49461K [0x00000000c0000000, 0x00000000c3600000, 0x00000000eab00000)
  object space 55296K, 89% used [0x00000000c0000000,0x00000000c304d460,0x00000000c3600000)
 Metaspace       used 49513K, capacity 50894K, committed 51200K, reserved 1093632K
  class space    used 6750K, capacity 7104K, committed 7168K, reserved 1048576K
}
Event: 13.736 GC heap before
{Heap before GC invocations=18 (full 3):
 PSYoungGen      total 217088K, used 600K [0x00000000eab00000, 0x00000000f9d00000, 0x0000000100000000)
  eden space 193536K, 0% used [0x00000000eab00000,0x00000000eab00000,0x00000000f6800000)
  from space 23552K, 2% used [0x00000000f6800000,0x00000000f6896008,0x00000000f7f00000)
  to   space 23552K, 0% used [0x00000000f8600000,0x00000000f8600000,0x00000000f9d00000)
 ParOldGen       total 55296K, used 49461K [0x00000000c0000000, 0x00000000c3600000, 0x00000000eab00000)
  object space 55296K, 89% used [0x00000000c0000000,0x00000000c304d460,0x00000000c3600000)
 Metaspace       used 49513K, capacity 50894K, committed 51200K, reserved 1093632K
  class space    used 6750K, capacity 7104K, committed 7168K, reserved 1048576K
Event: 14.184 GC heap after
Heap after GC invocations=18 (full 3):
 PSYoungGen      total 217088K, used 0K [0x00000000eab00000, 0x00000000f9d00000, 0x0000000100000000)
  eden space 193536K, 0% used [0x00000000eab00000,0x00000000eab00000,0x00000000f6800000)
  from space 23552K, 0% used [0x00000000f6800000,0x00000000f6800000,0x00000000f7f00000)
  to   space 23552K, 0% used [0x00000000f8600000,0x00000000f8600000,0x00000000f9d00000)
 ParOldGen       total 55296K, used 43147K [0x00000000c0000000, 0x00000000c3600000, 0x00000000eab00000)
  object space 55296K, 78% used [0x00000000c0000000,0x00000000c2a22c10,0x00000000c3600000)
 Metaspace       used 49513K, capacity 50894K, committed 51200K, reserved 1093632K
  class space    used 6750K, capacity 7104K, committed 7168K, reserved 1048576K
}

